0 info it worked if it ends with ok
1 verbose cli [
1 verbose cli   'C:\\Program Files\\nodejs\\node.exe',
1 verbose cli   'C:\\Program Files\\nodejs\\node_modules\\npm\\bin\\npm-cli.js',
1 verbose cli   'run',
1 verbose cli   'dev'
1 verbose cli ]
2 info using npm@6.13.4
3 info using node@v12.14.1
4 verbose run-script [ 'predev', 'dev', 'postdev' ]
5 info lifecycle frontend@0.1.0~predev: frontend@0.1.0
6 info lifecycle frontend@0.1.0~dev: frontend@0.1.0
7 verbose lifecycle frontend@0.1.0~dev: unsafe-perm in lifecycle true
8 verbose lifecycle frontend@0.1.0~dev: PATH: C:\Program Files\nodejs\node_modules\npm\node_modules\npm-lifecycle\node-gyp-bin;C:\xampp\htdocs\frontend\node_modules\.bin;C:\Python27\;C:\Python27\Scripts;C:\Windows\system32;C:\Windows;C:\Windows\System32\Wbem;C:\Windows\System32\WindowsPowerShell\v1.0\;C:\Program Files\nodejs\;C:\ProgramData\chocolatey\bin;C:\xampp\php;C:\ProgramData\ComposerSetup\bin;C:\Program Files\Git\cmd;C:\xampp\php;C:\Program Files\nodejs\node_global\;C:\Users\wu\AppData\Local\Programs\Microsoft VS Code\bin;C:\Users\wu\AppData\Roaming\Composer\vendor\bin;C:\Users\wu\AppData\Local\atom\bin;C:\Program Files\heroku\bin
9 verbose lifecycle frontend@0.1.0~dev: CWD: C:\xampp\htdocs\frontend
10 silly lifecycle frontend@0.1.0~dev: Args: [ '/d /s /c', 'vue-cli-service serve' ]
11 silly lifecycle frontend@0.1.0~dev: Returned: code: 3221225786  signal: null
12 info lifecycle frontend@0.1.0~dev: Failed to exec dev script
13 verbose stack Error: frontend@0.1.0 dev: `vue-cli-service serve`
13 verbose stack Exit status 3221225786
13 verbose stack     at EventEmitter.<anonymous> (C:\Program Files\nodejs\node_modules\npm\node_modules\npm-lifecycle\index.js:332:16)
13 verbose stack     at EventEmitter.emit (events.js:223:5)
13 verbose stack     at ChildProcess.<anonymous> (C:\Program Files\nodejs\node_modules\npm\node_modules\npm-lifecycle\lib\spawn.js:55:14)
13 verbose stack     at ChildProcess.emit (events.js:223:5)
13 verbose stack     at maybeClose (internal/child_process.js:1021:16)
13 verbose stack     at Process.ChildProcess._handle.onexit (internal/child_process.js:283:5)
14 verbose pkgid frontend@0.1.0
15 verbose cwd C:\xampp\htdocs\frontend
16 verbose Windows_NT 6.3.9600
17 verbose argv "C:\\Program Files\\nodejs\\node.exe" "C:\\Program Files\\nodejs\\node_modules\\npm\\bin\\npm-cli.js" "run" "dev"
18 verbose node v12.14.1
19 verbose npm  v6.13.4
20 error code ELIFECYCLE
21 error errno 3221225786
22 error frontend@0.1.0 dev: `vue-cli-service serve`
22 error Exit status 3221225786
23 error Failed at the frontend@0.1.0 dev script.
23 error This is probably not a problem with npm. There is likely additional logging output above.
24 verbose exit [ 3221225786, true ]
